Determining if the pthread_create exist failed with the following output:
Change Dir: /h/u3/c5/04/zhouqua7/csc418/A4/computer-graphics-bounding-volume-hierarchy/build/CMakeFiles/CMakeTmp

Run Build Command:"/local/bin/gmake" "cmTC_86865/fast"
/local/bin/gmake -f CMakeFiles/cmTC_86865.dir/build.make CMakeFiles/cmTC_86865.dir/build
gmake[1]: Entering directory '/h/u3/c5/04/zhouqua7/csc418/A4/computer-graphics-bounding-volume-hierarchy/build/CMakeFiles/CMakeTmp'
Building C object CMakeFiles/cmTC_86865.dir/CheckSymbolExists.c.o
/usr/bin/cc   -fPIC    -o CMakeFiles/cmTC_86865.dir/CheckSymbolExists.c.o   -c /h/u3/c5/04/zhouqua7/csc418/A4/computer-graphics-bounding-volume-hierarchy/build/CMakeFiles/CMakeTmp/CheckSymbolExists.c
Linking C executable cmTC_86865
/usr/bin/cmake -E cmake_link_script CMakeFiles/cmTC_86865.dir/link.txt --verbose=1
/usr/bin/cc  -fPIC     -rdynamic CMakeFiles/cmTC_86865.dir/CheckSymbolExists.c.o  -o cmTC_86865 
CMakeFiles/cmTC_86865.dir/CheckSymbolExists.c.o: In function `main':
CheckSymbolExists.c:(.text+0x1b): undefined reference to `pthread_create'
collect2: error: ld returned 1 exit status
CMakeFiles/cmTC_86865.dir/build.make:97: recipe for target 'cmTC_86865' failed
gmake[1]: *** [cmTC_86865] Error 1
gmake[1]: Leaving directory '/h/u3/c5/04/zhouqua7/csc418/A4/computer-graphics-bounding-volume-hierarchy/build/CMakeFiles/CMakeTmp'
Makefile:126: recipe for target 'cmTC_86865/fast' failed
gmake: *** [cmTC_86865/fast] Error 2

File /h/u3/c5/04/zhouqua7/csc418/A4/computer-graphics-bounding-volume-hierarchy/build/CMakeFiles/CMakeTmp/CheckSymbolExists.c:
/* */
#include <pthread.h>

int main(int argc, char** argv)
{
  (void)argv;
#ifndef pthread_create
  return ((int*)(&pthread_create))[argc];
#else
  (void)argc;
  return 0;
#endif
}

Determining if the function pthread_create exists in the pthreads failed with the following output:
Change Dir: /h/u3/c5/04/zhouqua7/csc418/A4/computer-graphics-bounding-volume-hierarchy/build/CMakeFiles/CMakeTmp

Run Build Command:"/local/bin/gmake" "cmTC_3a5a9/fast"
/local/bin/gmake -f CMakeFiles/cmTC_3a5a9.dir/build.make CMakeFiles/cmTC_3a5a9.dir/build
gmake[1]: Entering directory '/h/u3/c5/04/zhouqua7/csc418/A4/computer-graphics-bounding-volume-hierarchy/build/CMakeFiles/CMakeTmp'
Building C object CMakeFiles/cmTC_3a5a9.dir/CheckFunctionExists.c.o
/usr/bin/cc   -fPIC -DCHECK_FUNCTION_EXISTS=pthread_create   -o CMakeFiles/cmTC_3a5a9.dir/CheckFunctionExists.c.o   -c /usr/share/cmake-3.10/Modules/CheckFunctionExists.c
Linking C executable cmTC_3a5a9
/usr/bin/cmake -E cmake_link_script CMakeFiles/cmTC_3a5a9.dir/link.txt --verbose=1
/usr/bin/cc  -fPIC -DCHECK_FUNCTION_EXISTS=pthread_create    -rdynamic CMakeFiles/cmTC_3a5a9.dir/CheckFunctionExists.c.o  -o cmTC_3a5a9 -lpthreads 
/usr/bin/ld: cannot find -lpthreads
collect2: error: ld returned 1 exit status
CMakeFiles/cmTC_3a5a9.dir/build.make:97: recipe for target 'cmTC_3a5a9' failed
gmake[1]: *** [cmTC_3a5a9] Error 1
gmake[1]: Leaving directory '/h/u3/c5/04/zhouqua7/csc418/A4/computer-graphics-bounding-volume-hierarchy/build/CMakeFiles/CMakeTmp'
Makefile:126: recipe for target 'cmTC_3a5a9/fast' failed
gmake: *** [cmTC_3a5a9/fast] Error 2


